<?xml version="1.0" encoding="UTF-8"?><testsuite errors="1" failures="0" name="com.proj.Assign" skipped="0" tests="2" time="10.56" timestamp="2021-06-28 09:58:35"><testcase classname="com.proj.Assign" name="Verify XY zis present"><error message="class &quot;org.hamcrest.Matchers&quot;'s signer information does not match signer information of other classes in the same package" type="java.lang.SecurityException">class "org.hamcrest.Matchers"'s signer information does not match signer information of other classes in the same package</error><system-err>class "org.hamcrest.Matchers"'s signer information does not match signer information of other classes in the same package&#13;
io.restassured.internal.ResponseSpecificationImpl.statusCode(ResponseSpecificationImpl.groovy:130)&#13;
io.restassured.internal.ValidatableResponseOptionsImpl.statusCode(ValidatableResponseOptionsImpl.java:117)&#13;
com.proj.Assign.verifyXYZisPresent(Assign.java:80)&#13;
org.eclipse.jdt.internal.junit5.runner.JUnit5TestReference.run(JUnit5TestReference.java:98)&#13;
org.eclipse.jdt.internal.junit.runner.TestExecution.run(TestExecution.java:41)&#13;
org.eclipse.jdt.internal.junit.runner.RemoteTestRunner.runTests(RemoteTestRunner.java:542)&#13;
org.eclipse.jdt.internal.junit.runner.RemoteTestRunner.runTests(RemoteTestRunner.java:770)&#13;
org.eclipse.jdt.internal.junit.runner.RemoteTestRunner.run(RemoteTestRunner.java:464)&#13;
org.eclipse.jdt.internal.junit.runner.RemoteTestRunner.main(RemoteTestRunner.java:210)&#13;
</system-err></testcase><testcase classname="com.proj.Assign" name="Verify india is present"/></testsuite>